2015-09-20 01:19:02 ERROR SendMail:52 - CLASS SendMail METHOD: SendMail 
java.io.FileNotFoundException: email.properties (El sistema no puede encontrar el archivo especificado)
	at java.io.FileInputStream.open(Native Method)
	at java.io.FileInputStream.<init>(FileInputStream.java:146)
	at java.io.FileInputStream.<init>(FileInputStream.java:101)
	at py.com.consultoresinformaticos.util.SendMail.sendMail(SendMail.java:28)
	at py.com.consultoresinformaticos.util.SendMail.main(SendMail.java:59)
2015-09-20 01:20:11 ERROR SendMail:52 - CLASS SendMail METHOD: SendMail 
java.io.FileNotFoundException: email.properties (El sistema no puede encontrar el archivo especificado)
	at java.io.FileInputStream.open(Native Method)
	at java.io.FileInputStream.<init>(FileInputStream.java:146)
	at java.io.FileInputStream.<init>(FileInputStream.java:101)
	at py.com.consultoresinformaticos.util.SendMail.sendMail(SendMail.java:28)
	at py.com.consultoresinformaticos.util.SendMail.main(SendMail.java:59)
2015-09-20 01:25:10 ERROR SendMail:53 - CLASS SendMail METHOD: SendMail 
java.lang.NullPointerException
	at java.util.Properties$LineReader.readLine(Properties.java:434)
	at java.util.Properties.load0(Properties.java:353)
	at java.util.Properties.load(Properties.java:341)
	at py.com.consultoresinformaticos.util.SendMail.sendMail(SendMail.java:29)
	at py.com.consultoresinformaticos.util.SendMail.main(SendMail.java:60)
2015-09-20 01:26:41 ERROR SendMail:50 - CLASS SendMail METHOD: SendMail 
javax.mail.AuthenticationFailedException: 535 5.7.8 Error: authentication failed: authentication failure

	at com.sun.mail.smtp.SMTPTransport$Authenticator.authenticate(SMTPTransport.java:826)
	at com.sun.mail.smtp.SMTPTransport.authenticate(SMTPTransport.java:761)
	at com.sun.mail.smtp.SMTPTransport.protocolConnect(SMTPTransport.java:685)
	at javax.mail.Service.connect(Service.java:317)
	at javax.mail.Service.connect(Service.java:176)
	at javax.mail.Service.connect(Service.java:125)
	at javax.mail.Transport.send0(Transport.java:194)
	at javax.mail.Transport.send(Transport.java:124)
	at py.com.consultoresinformaticos.util.SendMail.sendMail(SendMail.java:45)
	at py.com.consultoresinformaticos.util.SendMail.main(SendMail.java:60)
